<?xml version="1.0" encoding="UTF-8"?>
<testng-results skipped="0" failed="0" ignored="0" total="2" passed="2">
  <reporter-output>
  </reporter-output>
  <suite name="My Suite" duration-ms="26409" started-at="2020-10-07T12:30:36 MYT" finished-at="2020-10-07T12:31:02 MYT">
    <groups>
    </groups>
    <test name="MobileAppTest" duration-ms="26409" started-at="2020-10-07T12:30:36 MYT" finished-at="2020-10-07T12:31:02 MYT">
      <class name="com.qa.support.SendReport">
        <test-method status="PASS" signature="sendReportMail()[pri:0, instance:com.qa.support.SendReport@6fe7aac8]" name="sendReportMail" is-config="true" duration-ms="15614" started-at="2020-10-07T12:31:02 MYT" finished-at="2020-10-07T12:31:18 MYT">
          <reporter-output>
          </reporter-output>
        </test-method> <!-- sendReportMail -->
      </class> <!-- com.qa.support.SendReport -->
      <class name="com.qa.test.Login">
        <test-method status="PASS" signature="setUp()[pri:0, instance:com.qa.test.Login@bef2d72]" name="setUp" is-config="true" duration-ms="0" started-at="2020-10-07T12:30:53 MYT" finished-at="2020-10-07T12:30:53 MYT">
          <reporter-output>
          </reporter-output>
        </test-method> <!-- setUp -->
        <test-method status="PASS" signature="login()[pri:0, instance:com.qa.test.Login@bef2d72]" name="login" duration-ms="7641" started-at="2020-10-07T12:30:53 MYT" finished-at="2020-10-07T12:31:01 MYT">
          <reporter-output>
          </reporter-output>
        </test-method> <!-- login -->
        <test-method status="PASS" signature="tearDown()[pri:0, instance:com.qa.test.Login@bef2d72]" name="tearDown" is-config="true" duration-ms="1001" started-at="2020-10-07T12:31:01 MYT" finished-at="2020-10-07T12:31:02 MYT">
          <reporter-output>
          </reporter-output>
        </test-method> <!-- tearDown -->
      </class> <!-- com.qa.test.Login -->
      <class name="com.qa.test.Registration">
        <test-method status="PASS" signature="setUp()[pri:0, instance:com.qa.test.Registration@5223e5ee]" name="setUp" is-config="true" duration-ms="4878" started-at="2020-10-07T12:30:36 MYT" finished-at="2020-10-07T12:30:40 MYT">
          <reporter-output>
          </reporter-output>
        </test-method> <!-- setUp -->
        <test-method status="PASS" signature="registration()[pri:0, instance:com.qa.test.Registration@5223e5ee]" name="registration" duration-ms="11866" started-at="2020-10-07T12:30:40 MYT" finished-at="2020-10-07T12:30:52 MYT">
          <reporter-output>
          </reporter-output>
        </test-method> <!-- registration -->
        <test-method status="PASS" signature="tearDown()[pri:0, instance:com.qa.test.Registration@5223e5ee]" name="tearDown" is-config="true" duration-ms="1003" started-at="2020-10-07T12:30:52 MYT" finished-at="2020-10-07T12:30:53 MYT">
          <reporter-output>
          </reporter-output>
        </test-method> <!-- tearDown -->
      </class> <!-- com.qa.test.Registration -->
    </test> <!-- MobileAppTest -->
  </suite> <!-- My Suite -->
</testng-results>
